TN:
SF:adacoin/src/main.js
FN:4,(anonymous_0)
FN:11,(anonymous_1)
FN:18,(anonymous_2)
FN:22,(anonymous_3)
FN:26,(anonymous_4)
FN:30,(anonymous_5)
FN:37,(anonymous_6)
FN:54,(anonymous_7)
FNF:8
FNH:8
FNDA:6,(anonymous_0)
FNDA:16,(anonymous_1)
FNDA:2,(anonymous_2)
FNDA:2,(anonymous_3)
FNDA:4,(anonymous_4)
FNDA:4,(anonymous_5)
FNDA:3,(anonymous_6)
FNDA:1,(anonymous_7)
DA:1,1
DA:5,6
DA:6,6
DA:7,6
DA:9,6
DA:12,16
DA:13,16
DA:19,2
DA:23,2
DA:27,4
DA:31,4
DA:32,4
DA:34,4
DA:38,3
DA:39,6
DA:40,6
DA:42,6
DA:43,0
DA:46,6
DA:47,0
DA:51,3
DA:55,1
DA:56,1
DA:57,1
DA:58,2
DA:62,1
DA:67,1
DA:68,1
DA:69,1
DA:73,1
DA:74,1
DA:99,1
LF:32
LH:30
BRDA:42,0,0,0
BRDA:42,0,1,6
BRDA:46,1,0,0
BRDA:46,1,1,6
BRDA:56,2,0,1
BRDA:56,2,1,0
BRF:6
BRH:3
end_of_record
